<?xml version="1.0" encoding="UTF-8"?>
<!-- Generated by org.testng.reporters.JUnitReportReporter -->
<testsuite hostname="SubhanPC" failures="0" tests="4" name="Banking_Project.TestScript04" time="32.919" errors="0" timestamp="2024-01-29T16:40:35 IST" skipped="0">
  <testcase classname="Banking_Project.TestScript04" name="testCase04" time="8.363"/>
  <testcase classname="Banking_Project.TestScript04" name="testCase04" time="8.783"/>
  <testcase classname="Banking_Project.TestScript04" name="testCase04" time="8.376"/>
  <testcase classname="Banking_Project.TestScript04" name="testCase04" time="7.397"/>
</testsuite> <!-- Banking_Project.TestScript04 -->
